{"C:\\Users\\dunca\\Desktop\\lfa\\lap2\\FCC---Trash-to-Treasure\\trashtotreasure\\app.js": {"path":"C:\\Users\\dunca\\Desktop\\lfa\\lap2\\FCC---Trash-to-Treasure\\trashtotreasure\\app.js","statementMap":{"0":{"start":{"line":1,"column":16},"end":{"line":1,"column":34}},"1":{"start":{"line":2,"column":13},"end":{"line":2,"column":28}},"2":{"start":{"line":4,"column":14},"end":{"line":4,"column":38}},"3":{"start":{"line":5,"column":14},"end":{"line":5,"column":39}},"4":{"start":{"line":6,"column":13},"end":{"line":6,"column":37}},"5":{"start":{"line":7,"column":16},"end":{"line":7,"column":43}},"6":{"start":{"line":8,"column":15},"end":{"line":8,"column":45}},"7":{"start":{"line":9,"column":15},"end":{"line":9,"column":48}},"8":{"start":{"line":10,"column":12},"end":{"line":10,"column":21}},"9":{"start":{"line":12,"column":0},"end":{"line":12,"column":16}},"10":{"start":{"line":13,"column":0},"end":{"line":13,"column":24}},"11":{"start":{"line":15,"column":0},"end":{"line":15,"column":16}},"12":{"start":{"line":16,"column":0},"end":{"line":16,"column":34}},"13":{"start":{"line":18,"column":0},"end":{"line":18,"column":30}},"14":{"start":{"line":19,"column":0},"end":{"line":19,"column":25}},"15":{"start":{"line":20,"column":0},"end":{"line":20,"column":25}},"16":{"start":{"line":21,"column":0},"end":{"line":21,"column":19}},"17":{"start":{"line":23,"column":0},"end":{"line":23,"column":21}}},"fnMap":{},"branchMap":{},"s":{"0":1,"1":1,"2":1,"3":1,"4":1,"5":1,"6":1,"7":1,"8":1,"9":1,"10":1,"11":1,"12":1,"13":1,"14":1,"15":1,"16":1,"17":1},"f":{},"b":{},"_coverageSchema":"1a1c01bbd47fc00a2c39e90264f33305004495a9","hash":"8d12f8d272a8ff07f885f15eea8df189e387778e"}
,"C:\\Users\\dunca\\Desktop\\lfa\\lap2\\FCC---Trash-to-Treasure\\trashtotreasure\\controllers\\comment.js": {"path":"C:\\Users\\dunca\\Desktop\\lfa\\lap2\\FCC---Trash-to-Treasure\\trashtotreasure\\controllers\\comment.js","statementMap":{"0":{"start":{"line":1,"column":16},"end":{"line":1,"column":44}},"1":{"start":{"line":4,"column":2},"end":{"line":10,"column":3}},"2":{"start":{"line":5,"column":19},"end":{"line":5,"column":36}},"3":{"start":{"line":6,"column":19},"end":{"line":6,"column":55}},"4":{"start":{"line":7,"column":4},"end":{"line":7,"column":21}},"5":{"start":{"line":9,"column":4},"end":{"line":9,"column":51}},"6":{"start":{"line":14,"column":2},"end":{"line":22,"column":3}},"7":{"start":{"line":16,"column":19},"end":{"line":16,"column":36}},"8":{"start":{"line":17,"column":17},"end":{"line":17,"column":25}},"9":{"start":{"line":18,"column":19},"end":{"line":18,"column":53}},"10":{"start":{"line":19,"column":4},"end":{"line":19,"column":33}},"11":{"start":{"line":21,"column":4},"end":{"line":21,"column":51}},"12":{"start":{"line":26,"column":2},"end":{"line":34,"column":3}},"13":{"start":{"line":27,"column":15},"end":{"line":27,"column":28}},"14":{"start":{"line":28,"column":17},"end":{"line":28,"column":25}},"15":{"start":{"line":29,"column":20},"end":{"line":29,"column":52}},"16":{"start":{"line":30,"column":19},"end":{"line":30,"column":45}},"17":{"start":{"line":31,"column":4},"end":{"line":31,"column":33}},"18":{"start":{"line":33,"column":4},"end":{"line":33,"column":51}},"19":{"start":{"line":38,"column":2},"end":{"line":45,"column":3}},"20":{"start":{"line":39,"column":15},"end":{"line":39,"column":28}},"21":{"start":{"line":40,"column":20},"end":{"line":40,"column":52}},"22":{"start":{"line":41,"column":19},"end":{"line":41,"column":41}},"23":{"start":{"line":42,"column":4},"end":{"line":42,"column":33}},"24":{"start":{"line":44,"column":4},"end":{"line":44,"column":51}},"25":{"start":{"line":48,"column":0},"end":{"line":48,"column":52}}},"fnMap":{"0":{"name":"index","decl":{"start":{"line":3,"column":15},"end":{"line":3,"column":20}},"loc":{"start":{"line":3,"column":31},"end":{"line":11,"column":1}},"line":3},"1":{"name":"create","decl":{"start":{"line":13,"column":15},"end":{"line":13,"column":21}},"loc":{"start":{"line":13,"column":32},"end":{"line":23,"column":1}},"line":13},"2":{"name":"update","decl":{"start":{"line":25,"column":15},"end":{"line":25,"column":21}},"loc":{"start":{"line":25,"column":32},"end":{"line":35,"column":1}},"line":25},"3":{"name":"destroy","decl":{"start":{"line":37,"column":15},"end":{"line":37,"column":22}},"loc":{"start":{"line":37,"column":33},"end":{"line":46,"column":1}},"line":37}},"branchMap":{},"s":{"0":1,"1":0,"2":0,"3":0,"4":0,"5":0,"6":0,"7":0,"8":0,"9":0,"10":0,"11":0,"12":0,"13":0,"14":0,"15":0,"16":0,"17":0,"18":0,"19":0,"20":0,"21":0,"22":0,"23":0,"24":0,"25":1},"f":{"0":0,"1":0,"2":0,"3":0},"b":{},"_coverageSchema":"1a1c01bbd47fc00a2c39e90264f33305004495a9","hash":"8d68b2c75ea7aa1730f7ab108ef34c69f8d70831"}
,"C:\\Users\\dunca\\Desktop\\lfa\\lap2\\FCC---Trash-to-Treasure\\trashtotreasure\\controllers\\home.js": {"path":"C:\\Users\\dunca\\Desktop\\lfa\\lap2\\FCC---Trash-to-Treasure\\trashtotreasure\\controllers\\home.js","statementMap":{"0":{"start":{"line":1,"column":13},"end":{"line":1,"column":28}},"1":{"start":{"line":2,"column":19},"end":{"line":2,"column":52}},"2":{"start":{"line":8,"column":17},"end":{"line":10,"column":1}},"3":{"start":{"line":9,"column":2},"end":{"line":9,"column":55}},"4":{"start":{"line":16,"column":17},"end":{"line":18,"column":1}},"5":{"start":{"line":17,"column":2},"end":{"line":17,"column":52}},"6":{"start":{"line":20,"column":0},"end":{"line":20,"column":40}}},"fnMap":{"0":{"name":"(anonymous_0)","decl":{"start":{"line":8,"column":17},"end":{"line":8,"column":18}},"loc":{"start":{"line":8,"column":37},"end":{"line":10,"column":1}},"line":8},"1":{"name":"(anonymous_1)","decl":{"start":{"line":16,"column":17},"end":{"line":16,"column":18}},"loc":{"start":{"line":16,"column":37},"end":{"line":18,"column":1}},"line":16}},"branchMap":{},"s":{"0":1,"1":1,"2":1,"3":0,"4":1,"5":0,"6":1},"f":{"0":0,"1":0},"b":{},"_coverageSchema":"1a1c01bbd47fc00a2c39e90264f33305004495a9","hash":"beac0ff08bbda68573e63afa31b9fd0235fcab0c"}
,"C:\\Users\\dunca\\Desktop\\lfa\\lap2\\FCC---Trash-to-Treasure\\trashtotreasure\\controllers\\post.js": {"path":"C:\\Users\\dunca\\Desktop\\lfa\\lap2\\FCC---Trash-to-Treasure\\trashtotreasure\\controllers\\post.js","statementMap":{"0":{"start":{"line":1,"column":13},"end":{"line":1,"column":38}},"1":{"start":{"line":2,"column":14},"end":{"line":2,"column":40}},"2":{"start":{"line":3,"column":14},"end":{"line":10,"column":1}},"3":{"start":{"line":4,"column":2},"end":{"line":9,"column":3}},"4":{"start":{"line":5,"column":18},"end":{"line":5,"column":37}},"5":{"start":{"line":6,"column":4},"end":{"line":6,"column":27}},"6":{"start":{"line":8,"column":4},"end":{"line":8,"column":58}},"7":{"start":{"line":12,"column":15},"end":{"line":20,"column":1}},"8":{"start":{"line":13,"column":2},"end":{"line":19,"column":3}},"9":{"start":{"line":14,"column":15},"end":{"line":14,"column":28}},"10":{"start":{"line":15,"column":19},"end":{"line":15,"column":41}},"11":{"start":{"line":16,"column":4},"end":{"line":16,"column":40}},"12":{"start":{"line":18,"column":4},"end":{"line":18,"column":58}},"13":{"start":{"line":22,"column":15},"end":{"line":32,"column":1}},"14":{"start":{"line":23,"column":2},"end":{"line":31,"column":3}},"15":{"start":{"line":24,"column":17},"end":{"line":24,"column":25}},"16":{"start":{"line":25,"column":18},"end":{"line":25,"column":60}},"17":{"start":{"line":26,"column":19},"end":{"line":26,"column":54}},"18":{"start":{"line":27,"column":19},"end":{"line":27,"column":50}},"19":{"start":{"line":28,"column":4},"end":{"line":28,"column":40}},"20":{"start":{"line":30,"column":4},"end":{"line":30,"column":51}},"21":{"start":{"line":34,"column":15},"end":{"line":44,"column":1}},"22":{"start":{"line":35,"column":2},"end":{"line":43,"column":3}},"23":{"start":{"line":36,"column":15},"end":{"line":36,"column":28}},"24":{"start":{"line":37,"column":17},"end":{"line":37,"column":25}},"25":{"start":{"line":38,"column":17},"end":{"line":38,"column":39}},"26":{"start":{"line":39,"column":19},"end":{"line":39,"column":42}},"27":{"start":{"line":40,"column":4},"end":{"line":40,"column":28}},"28":{"start":{"line":42,"column":4},"end":{"line":42,"column":58}},"29":{"start":{"line":46,"column":18},"end":{"line":54,"column":1}},"30":{"start":{"line":47,"column":2},"end":{"line":53,"column":3}},"31":{"start":{"line":48,"column":17},"end":{"line":48,"column":50}},"32":{"start":{"line":49,"column":19},"end":{"line":49,"column":38}},"33":{"start":{"line":50,"column":4},"end":{"line":50,"column":40}},"34":{"start":{"line":52,"column":4},"end":{"line":52,"column":58}},"35":{"start":{"line":56,"column":15},"end":{"line":62,"column":1}},"36":{"start":{"line":57,"column":15},"end":{"line":57,"column":23}},"37":{"start":{"line":58,"column":15},"end":{"line":58,"column":47}},"38":{"start":{"line":59,"column":18},"end":{"line":59,"column":41}},"39":{"start":{"line":61,"column":2},"end":{"line":61,"column":32}},"40":{"start":{"line":64,"column":0},"end":{"line":64,"column":70}}},"fnMap":{"0":{"name":"(anonymous_0)","decl":{"start":{"line":3,"column":14},"end":{"line":3,"column":15}},"loc":{"start":{"line":3,"column":34},"end":{"line":10,"column":1}},"line":3},"1":{"name":"(anonymous_1)","decl":{"start":{"line":12,"column":15},"end":{"line":12,"column":16}},"loc":{"start":{"line":12,"column":35},"end":{"line":20,"column":1}},"line":12},"2":{"name":"(anonymous_2)","decl":{"start":{"line":22,"column":15},"end":{"line":22,"column":16}},"loc":{"start":{"line":22,"column":35},"end":{"line":32,"column":1}},"line":22},"3":{"name":"(anonymous_3)","decl":{"start":{"line":34,"column":15},"end":{"line":34,"column":16}},"loc":{"start":{"line":34,"column":35},"end":{"line":44,"column":1}},"line":34},"4":{"name":"(anonymous_4)","decl":{"start":{"line":46,"column":18},"end":{"line":46,"column":19}},"loc":{"start":{"line":46,"column":38},"end":{"line":54,"column":1}},"line":46},"5":{"name":"(anonymous_5)","decl":{"start":{"line":56,"column":15},"end":{"line":56,"column":16}},"loc":{"start":{"line":56,"column":35},"end":{"line":62,"column":1}},"line":56}},"branchMap":{},"s":{"0":1,"1":1,"2":1,"3":2,"4":2,"5":2,"6":0,"7":1,"8":2,"9":2,"10":2,"11":2,"12":0,"13":1,"14":2,"15":2,"16":2,"17":2,"18":2,"19":2,"20":0,"21":1,"22":1,"23":1,"24":1,"25":1,"26":1,"27":1,"28":0,"29":1,"30":1,"31":1,"32":1,"33":1,"34":0,"35":1,"36":0,"37":0,"38":0,"39":0,"40":1},"f":{"0":2,"1":2,"2":2,"3":1,"4":1,"5":0},"b":{},"_coverageSchema":"1a1c01bbd47fc00a2c39e90264f33305004495a9","hash":"39054928fbbaf5388024e40c1f1bfc7c41af0bde"}
,"C:\\Users\\dunca\\Desktop\\lfa\\lap2\\FCC---Trash-to-Treasure\\trashtotreasure\\controllers\\users.js": {"path":"C:\\Users\\dunca\\Desktop\\lfa\\lap2\\FCC---Trash-to-Treasure\\trashtotreasure\\controllers\\users.js","statementMap":{"0":{"start":{"line":1,"column":15},"end":{"line":1,"column":32}},"1":{"start":{"line":3,"column":13},"end":{"line":3,"column":38}},"2":{"start":{"line":4,"column":14},"end":{"line":4,"column":40}},"3":{"start":{"line":6,"column":15},"end":{"line":12,"column":1}},"4":{"start":{"line":7,"column":2},"end":{"line":11,"column":3}},"5":{"start":{"line":8,"column":4},"end":{"line":8,"column":53}},"6":{"start":{"line":10,"column":4},"end":{"line":10,"column":58}},"7":{"start":{"line":14,"column":15},"end":{"line":23,"column":1}},"8":{"start":{"line":15,"column":2},"end":{"line":22,"column":3}},"9":{"start":{"line":16,"column":19},"end":{"line":16,"column":62}},"10":{"start":{"line":17,"column":4},"end":{"line":17,"column":28}},"11":{"start":{"line":19,"column":4},"end":{"line":21,"column":64}},"12":{"start":{"line":26,"column":2},"end":{"line":42,"column":3}},"13":{"start":{"line":27,"column":17},"end":{"line":27,"column":25}},"14":{"start":{"line":30,"column":17},"end":{"line":30,"column":79}},"15":{"start":{"line":33,"column":4},"end":{"line":33,"column":65}},"16":{"start":{"line":35,"column":4},"end":{"line":35,"column":28}},"17":{"start":{"line":37,"column":19},"end":{"line":37,"column":42}},"18":{"start":{"line":39,"column":4},"end":{"line":39,"column":40}},"19":{"start":{"line":41,"column":4},"end":{"line":41,"column":51}},"20":{"start":{"line":46,"column":2},"end":{"line":63,"column":3}},"21":{"start":{"line":47,"column":17},"end":{"line":47,"column":25}},"22":{"start":{"line":48,"column":17},"end":{"line":48,"column":59}},"23":{"start":{"line":49,"column":4},"end":{"line":49,"column":22}},"24":{"start":{"line":50,"column":26},"end":{"line":50,"column":79}},"25":{"start":{"line":52,"column":4},"end":{"line":60,"column":5}},"26":{"start":{"line":53,"column":6},"end":{"line":53,"column":48}},"27":{"start":{"line":55,"column":20},"end":{"line":55,"column":52}},"28":{"start":{"line":56,"column":6},"end":{"line":59,"column":36}},"29":{"start":{"line":62,"column":4},"end":{"line":62,"column":52}},"30":{"start":{"line":67,"column":2},"end":{"line":71,"column":20}},"31":{"start":{"line":68,"column":4},"end":{"line":68,"column":42}},"32":{"start":{"line":69,"column":4},"end":{"line":69,"column":37}},"33":{"start":{"line":70,"column":4},"end":{"line":70,"column":34}},"34":{"start":{"line":74,"column":18},"end":{"line":82,"column":1}},"35":{"start":{"line":75,"column":2},"end":{"line":81,"column":3}},"36":{"start":{"line":76,"column":17},"end":{"line":76,"column":50}},"37":{"start":{"line":77,"column":19},"end":{"line":77,"column":38}},"38":{"start":{"line":78,"column":4},"end":{"line":78,"column":40}},"39":{"start":{"line":80,"column":4},"end":{"line":80,"column":80}},"40":{"start":{"line":84,"column":22},"end":{"line":86,"column":1}},"41":{"start":{"line":85,"column":2},"end":{"line":85,"column":49}},"42":{"start":{"line":88,"column":0},"end":{"line":96,"column":2}}},"fnMap":{"0":{"name":"(anonymous_0)","decl":{"start":{"line":6,"column":15},"end":{"line":6,"column":16}},"loc":{"start":{"line":6,"column":35},"end":{"line":12,"column":1}},"line":6},"1":{"name":"(anonymous_1)","decl":{"start":{"line":14,"column":15},"end":{"line":14,"column":16}},"loc":{"start":{"line":14,"column":35},"end":{"line":23,"column":1}},"line":14},"2":{"name":"register","decl":{"start":{"line":25,"column":15},"end":{"line":25,"column":23}},"loc":{"start":{"line":25,"column":34},"end":{"line":43,"column":1}},"line":25},"3":{"name":"login","decl":{"start":{"line":45,"column":15},"end":{"line":45,"column":20}},"loc":{"start":{"line":45,"column":31},"end":{"line":64,"column":1}},"line":45},"4":{"name":"logout","decl":{"start":{"line":66,"column":15},"end":{"line":66,"column":21}},"loc":{"start":{"line":66,"column":32},"end":{"line":72,"column":1}},"line":66},"5":{"name":"(anonymous_5)","decl":{"start":{"line":74,"column":18},"end":{"line":74,"column":19}},"loc":{"start":{"line":74,"column":38},"end":{"line":82,"column":1}},"line":74},"6":{"name":"(anonymous_6)","decl":{"start":{"line":84,"column":22},"end":{"line":84,"column":23}},"loc":{"start":{"line":84,"column":42},"end":{"line":86,"column":1}},"line":84}},"branchMap":{"0":{"loc":{"start":{"line":52,"column":4},"end":{"line":60,"column":5}},"type":"if","locations":[{"start":{"line":52,"column":4},"end":{"line":60,"column":5}},{"start":{"line":54,"column":11},"end":{"line":60,"column":5}}],"line":52}},"s":{"0":1,"1":1,"2":1,"3":1,"4":2,"5":2,"6":0,"7":1,"8":1,"9":1,"10":1,"11":0,"12":1,"13":1,"14":1,"15":1,"16":1,"17":1,"18":1,"19":0,"20":0,"21":0,"22":0,"23":0,"24":0,"25":0,"26":0,"27":0,"28":0,"29":0,"30":0,"31":0,"32":0,"33":0,"34":1,"35":1,"36":1,"37":1,"38":1,"39":0,"40":1,"41":0,"42":1},"f":{"0":2,"1":1,"2":1,"3":0,"4":0,"5":1,"6":0},"b":{"0":[0,0]},"_coverageSchema":"1a1c01bbd47fc00a2c39e90264f33305004495a9","hash":"2103b84bf9940c59045bd0a19b62abbbefbc7246"}
,"C:\\Users\\dunca\\Desktop\\lfa\\lap2\\FCC---Trash-to-Treasure\\trashtotreasure\\db\\db.js": {"path":"C:\\Users\\dunca\\Desktop\\lfa\\lap2\\FCC---Trash-to-Treasure\\trashtotreasure\\db\\db.js","statementMap":{"0":{"start":{"line":1,"column":0},"end":{"line":1,"column":27}},"1":{"start":{"line":2,"column":17},"end":{"line":2,"column":30}},"2":{"start":{"line":4,"column":11},"end":{"line":6,"column":2}},"3":{"start":{"line":8,"column":0},"end":{"line":8,"column":31}},"4":{"start":{"line":10,"column":0},"end":{"line":10,"column":20}}},"fnMap":{},"branchMap":{},"s":{"0":1,"1":1,"2":1,"3":1,"4":1},"f":{},"b":{},"_coverageSchema":"1a1c01bbd47fc00a2c39e90264f33305004495a9","hash":"b9f1ddbaadb86131fa8bbf549ae7c7487de13580"}
,"C:\\Users\\dunca\\Desktop\\lfa\\lap2\\FCC---Trash-to-Treasure\\trashtotreasure\\middleware\\authenticator.js": {"path":"C:\\Users\\dunca\\Desktop\\lfa\\lap2\\FCC---Trash-to-Treasure\\trashtotreasure\\middleware\\authenticator.js","statementMap":{"0":{"start":{"line":1,"column":14},"end":{"line":1,"column":40}},"1":{"start":{"line":4,"column":2},"end":{"line":17,"column":3}},"2":{"start":{"line":5,"column":27},"end":{"line":5,"column":59}},"3":{"start":{"line":7,"column":4},"end":{"line":14,"column":5}},"4":{"start":{"line":8,"column":6},"end":{"line":8,"column":24}},"5":{"start":{"line":10,"column":25},"end":{"line":10,"column":66}},"6":{"start":{"line":11,"column":6},"end":{"line":11,"column":40}},"7":{"start":{"line":12,"column":6},"end":{"line":12,"column":44}},"8":{"start":{"line":13,"column":6},"end":{"line":13,"column":13}},"9":{"start":{"line":16,"column":4},"end":{"line":16,"column":34}},"10":{"start":{"line":20,"column":0},"end":{"line":20,"column":31}}},"fnMap":{"0":{"name":"authenticator","decl":{"start":{"line":3,"column":15},"end":{"line":3,"column":28}},"loc":{"start":{"line":3,"column":45},"end":{"line":18,"column":1}},"line":3}},"branchMap":{"0":{"loc":{"start":{"line":7,"column":4},"end":{"line":14,"column":5}},"type":"if","locations":[{"start":{"line":7,"column":4},"end":{"line":14,"column":5}},{"start":{"line":9,"column":11},"end":{"line":14,"column":5}}],"line":7}},"s":{"0":1,"1":0,"2":0,"3":0,"4":0,"5":0,"6":0,"7":0,"8":0,"9":0,"10":1},"f":{"0":0},"b":{"0":[0,0]},"_coverageSchema":"1a1c01bbd47fc00a2c39e90264f33305004495a9","hash":"15a25548692145365a84fb2bbe340458a4080b19"}
,"C:\\Users\\dunca\\Desktop\\lfa\\lap2\\FCC---Trash-to-Treasure\\trashtotreasure\\middleware\\filter.js": {"path":"C:\\Users\\dunca\\Desktop\\lfa\\lap2\\FCC---Trash-to-Treasure\\trashtotreasure\\middleware\\filter.js","statementMap":{"0":{"start":{"line":1,"column":0},"end":{"line":12,"column":2}},"1":{"start":{"line":2,"column":30},"end":{"line":2,"column":47}},"2":{"start":{"line":4,"column":24},"end":{"line":4,"column":32}},"3":{"start":{"line":5,"column":20},"end":{"line":5,"column":75}},"4":{"start":{"line":7,"column":2},"end":{"line":11,"column":3}},"5":{"start":{"line":8,"column":4},"end":{"line":8,"column":34}},"6":{"start":{"line":10,"column":4},"end":{"line":10,"column":11}}},"fnMap":{"0":{"name":"(anonymous_0)","decl":{"start":{"line":1,"column":17},"end":{"line":1,"column":18}},"loc":{"start":{"line":1,"column":37},"end":{"line":12,"column":1}},"line":1}},"branchMap":{"0":{"loc":{"start":{"line":7,"column":2},"end":{"line":11,"column":3}},"type":"if","locations":[{"start":{"line":7,"column":2},"end":{"line":11,"column":3}},{"start":{"line":9,"column":9},"end":{"line":11,"column":3}}],"line":7}},"s":{"0":1,"1":0,"2":0,"3":0,"4":0,"5":0,"6":0},"f":{"0":0},"b":{"0":[0,0]},"_coverageSchema":"1a1c01bbd47fc00a2c39e90264f33305004495a9","hash":"3c6e46a1c3716cd86c1c23a2380a26772526a4c6"}
,"C:\\Users\\dunca\\Desktop\\lfa\\lap2\\FCC---Trash-to-Treasure\\trashtotreasure\\middleware\\logRoutes.js": {"path":"C:\\Users\\dunca\\Desktop\\lfa\\lap2\\FCC---Trash-to-Treasure\\trashtotreasure\\middleware\\logRoutes.js","statementMap":{"0":{"start":{"line":2,"column":4},"end":{"line":2,"column":45}},"1":{"start":{"line":3,"column":4},"end":{"line":3,"column":11}},"2":{"start":{"line":6,"column":0},"end":{"line":6,"column":27}}},"fnMap":{"0":{"name":"logRoutes","decl":{"start":{"line":1,"column":9},"end":{"line":1,"column":18}},"loc":{"start":{"line":1,"column":35},"end":{"line":4,"column":1}},"line":1}},"branchMap":{},"s":{"0":13,"1":13,"2":1},"f":{"0":13},"b":{},"_coverageSchema":"1a1c01bbd47fc00a2c39e90264f33305004495a9","hash":"3f3534e2ef266d1eabd638941cef8635fd252d8a"}
,"C:\\Users\\dunca\\Desktop\\lfa\\lap2\\FCC---Trash-to-Treasure\\trashtotreasure\\models\\Comment.js": {"path":"C:\\Users\\dunca\\Desktop\\lfa\\lap2\\FCC---Trash-to-Treasure\\trashtotreasure\\models\\Comment.js","statementMap":{"0":{"start":{"line":1,"column":11},"end":{"line":1,"column":30}},"1":{"start":{"line":5,"column":8},"end":{"line":5,"column":37}},"2":{"start":{"line":6,"column":8},"end":{"line":6,"column":31}},"3":{"start":{"line":7,"column":8},"end":{"line":7,"column":31}},"4":{"start":{"line":8,"column":8},"end":{"line":8,"column":33}},"5":{"start":{"line":9,"column":8},"end":{"line":9,"column":31}},"6":{"start":{"line":10,"column":8},"end":{"line":10,"column":35}},"7":{"start":{"line":14,"column":25},"end":{"line":14,"column":93}},"8":{"start":{"line":15,"column":8},"end":{"line":17,"column":9}},"9":{"start":{"line":16,"column":12},"end":{"line":16,"column":56}},"10":{"start":{"line":18,"column":8},"end":{"line":18,"column":45}},"11":{"start":{"line":22,"column":25},"end":{"line":25,"column":9}},"12":{"start":{"line":26,"column":8},"end":{"line":26,"column":68}},"13":{"start":{"line":26,"column":46},"end":{"line":26,"column":66}},"14":{"start":{"line":30,"column":37},"end":{"line":30,"column":41}},"15":{"start":{"line":31,"column":25},"end":{"line":34,"column":9}},"16":{"start":{"line":35,"column":8},"end":{"line":35,"column":45}},"17":{"start":{"line":39,"column":46},"end":{"line":39,"column":50}},"18":{"start":{"line":40,"column":25},"end":{"line":43,"column":9}},"19":{"start":{"line":44,"column":8},"end":{"line":46,"column":9}},"20":{"start":{"line":45,"column":12},"end":{"line":45,"column":56}},"21":{"start":{"line":47,"column":8},"end":{"line":47,"column":45}},"22":{"start":{"line":51,"column":25},"end":{"line":53,"column":10}},"23":{"start":{"line":54,"column":8},"end":{"line":56,"column":9}},"24":{"start":{"line":55,"column":12},"end":{"line":55,"column":56}},"25":{"start":{"line":57,"column":8},"end":{"line":57,"column":45}},"26":{"start":{"line":61,"column":0},"end":{"line":61,"column":25}}},"fnMap":{"0":{"name":"(anonymous_0)","decl":{"start":{"line":4,"column":4},"end":{"line":4,"column":5}},"loc":{"start":{"line":4,"column":80},"end":{"line":11,"column":5}},"line":4},"1":{"name":"(anonymous_1)","decl":{"start":{"line":13,"column":4},"end":{"line":13,"column":5}},"loc":{"start":{"line":13,"column":36},"end":{"line":19,"column":5}},"line":13},"2":{"name":"(anonymous_2)","decl":{"start":{"line":21,"column":4},"end":{"line":21,"column":5}},"loc":{"start":{"line":21,"column":40},"end":{"line":27,"column":5}},"line":21},"3":{"name":"(anonymous_3)","decl":{"start":{"line":26,"column":33},"end":{"line":26,"column":34}},"loc":{"start":{"line":26,"column":46},"end":{"line":26,"column":66}},"line":26},"4":{"name":"(anonymous_4)","decl":{"start":{"line":29,"column":4},"end":{"line":29,"column":5}},"loc":{"start":{"line":29,"column":38},"end":{"line":36,"column":5}},"line":29},"5":{"name":"(anonymous_5)","decl":{"start":{"line":38,"column":4},"end":{"line":38,"column":5}},"loc":{"start":{"line":38,"column":23},"end":{"line":48,"column":5}},"line":38},"6":{"name":"(anonymous_6)","decl":{"start":{"line":50,"column":4},"end":{"line":50,"column":5}},"loc":{"start":{"line":50,"column":19},"end":{"line":58,"column":5}},"line":50}},"branchMap":{"0":{"loc":{"start":{"line":15,"column":8},"end":{"line":17,"column":9}},"type":"if","locations":[{"start":{"line":15,"column":8},"end":{"line":17,"column":9}},{"start":{},"end":{}}],"line":15},"1":{"loc":{"start":{"line":44,"column":8},"end":{"line":46,"column":9}},"type":"if","locations":[{"start":{"line":44,"column":8},"end":{"line":46,"column":9}},{"start":{},"end":{}}],"line":44},"2":{"loc":{"start":{"line":54,"column":8},"end":{"line":56,"column":9}},"type":"if","locations":[{"start":{"line":54,"column":8},"end":{"line":56,"column":9}},{"start":{},"end":{}}],"line":54}},"s":{"0":1,"1":0,"2":0,"3":0,"4":0,"5":0,"6":0,"7":0,"8":0,"9":0,"10":0,"11":0,"12":0,"13":0,"14":0,"15":0,"16":0,"17":0,"18":0,"19":0,"20":0,"21":0,"22":0,"23":0,"24":0,"25":0,"26":1},"f":{"0":0,"1":0,"2":0,"3":0,"4":0,"5":0,"6":0},"b":{"0":[0,0],"1":[0,0],"2":[0,0]},"_coverageSchema":"1a1c01bbd47fc00a2c39e90264f33305004495a9","hash":"51efd559014ee9c84c3ca0e8165dd688e23e0348"}
,"C:\\Users\\dunca\\Desktop\\lfa\\lap2\\FCC---Trash-to-Treasure\\trashtotreasure\\models\\Post.js": {"path":"C:\\Users\\dunca\\Desktop\\lfa\\lap2\\FCC---Trash-to-Treasure\\trashtotreasure\\models\\Post.js","statementMap":{"0":{"start":{"line":1,"column":11},"end":{"line":1,"column":30}},"1":{"start":{"line":14,"column":4},"end":{"line":14,"column":27}},"2":{"start":{"line":15,"column":4},"end":{"line":15,"column":27}},"3":{"start":{"line":16,"column":4},"end":{"line":16,"column":31}},"4":{"start":{"line":17,"column":4},"end":{"line":17,"column":39}},"5":{"start":{"line":18,"column":4},"end":{"line":18,"column":45}},"6":{"start":{"line":19,"column":4},"end":{"line":19,"column":27}},"7":{"start":{"line":20,"column":4},"end":{"line":20,"column":29}},"8":{"start":{"line":21,"column":4},"end":{"line":21,"column":31}},"9":{"start":{"line":25,"column":21},"end":{"line":27,"column":5}},"10":{"start":{"line":28,"column":4},"end":{"line":28,"column":49}},"11":{"start":{"line":28,"column":36},"end":{"line":28,"column":47}},"12":{"start":{"line":32,"column":21},"end":{"line":34,"column":6}},"13":{"start":{"line":35,"column":4},"end":{"line":37,"column":5}},"14":{"start":{"line":36,"column":6},"end":{"line":36,"column":47}},"15":{"start":{"line":38,"column":4},"end":{"line":38,"column":38}},"16":{"start":{"line":43,"column":6},"end":{"line":43,"column":10}},"17":{"start":{"line":44,"column":21},"end":{"line":47,"column":5}},"18":{"start":{"line":48,"column":18},"end":{"line":48,"column":42}},"19":{"start":{"line":49,"column":20},"end":{"line":49,"column":45}},"20":{"start":{"line":50,"column":4},"end":{"line":50,"column":19}},"21":{"start":{"line":55,"column":6},"end":{"line":55,"column":10}},"22":{"start":{"line":56,"column":21},"end":{"line":66,"column":5}},"23":{"start":{"line":67,"column":4},"end":{"line":69,"column":5}},"24":{"start":{"line":68,"column":6},"end":{"line":68,"column":47}},"25":{"start":{"line":70,"column":24},"end":{"line":70,"column":71}},"26":{"start":{"line":71,"column":4},"end":{"line":71,"column":23}},"27":{"start":{"line":75,"column":21},"end":{"line":78,"column":5}},"28":{"start":{"line":79,"column":4},"end":{"line":81,"column":5}},"29":{"start":{"line":80,"column":6},"end":{"line":80,"column":47}},"30":{"start":{"line":82,"column":24},"end":{"line":82,"column":40}},"31":{"start":{"line":83,"column":4},"end":{"line":83,"column":23}},"32":{"start":{"line":87,"column":0},"end":{"line":87,"column":22}}},"fnMap":{"0":{"name":"(anonymous_0)","decl":{"start":{"line":4,"column":2},"end":{"line":4,"column":3}},"loc":{"start":{"line":13,"column":5},"end":{"line":22,"column":3}},"line":13},"1":{"name":"(anonymous_1)","decl":{"start":{"line":24,"column":2},"end":{"line":24,"column":3}},"loc":{"start":{"line":24,"column":24},"end":{"line":29,"column":3}},"line":24},"2":{"name":"(anonymous_2)","decl":{"start":{"line":28,"column":29},"end":{"line":28,"column":30}},"loc":{"start":{"line":28,"column":36},"end":{"line":28,"column":47}},"line":28},"3":{"name":"(anonymous_3)","decl":{"start":{"line":31,"column":2},"end":{"line":31,"column":3}},"loc":{"start":{"line":31,"column":27},"end":{"line":39,"column":3}},"line":31},"4":{"name":"(anonymous_4)","decl":{"start":{"line":41,"column":2},"end":{"line":41,"column":3}},"loc":{"start":{"line":41,"column":37},"end":{"line":51,"column":3}},"line":41},"5":{"name":"(anonymous_5)","decl":{"start":{"line":53,"column":2},"end":{"line":53,"column":3}},"loc":{"start":{"line":53,"column":21},"end":{"line":72,"column":3}},"line":53},"6":{"name":"(anonymous_6)","decl":{"start":{"line":74,"column":2},"end":{"line":74,"column":3}},"loc":{"start":{"line":74,"column":17},"end":{"line":84,"column":3}},"line":74}},"branchMap":{"0":{"loc":{"start":{"line":35,"column":4},"end":{"line":37,"column":5}},"type":"if","locations":[{"start":{"line":35,"column":4},"end":{"line":37,"column":5}},{"start":{},"end":{}}],"line":35},"1":{"loc":{"start":{"line":67,"column":4},"end":{"line":69,"column":5}},"type":"if","locations":[{"start":{"line":67,"column":4},"end":{"line":69,"column":5}},{"start":{},"end":{}}],"line":67},"2":{"loc":{"start":{"line":79,"column":4},"end":{"line":81,"column":5}},"type":"if","locations":[{"start":{"line":79,"column":4},"end":{"line":81,"column":5}},{"start":{},"end":{}}],"line":79}},"s":{"0":1,"1":19,"2":19,"3":19,"4":19,"5":19,"6":19,"7":19,"8":19,"9":2,"10":2,"11":12,"12":7,"13":7,"14":0,"15":7,"16":2,"17":2,"18":2,"19":2,"20":2,"21":1,"22":1,"23":1,"24":0,"25":1,"26":1,"27":1,"28":1,"29":0,"30":1,"31":1,"32":1},"f":{"0":19,"1":2,"2":12,"3":7,"4":2,"5":1,"6":1},"b":{"0":[0,7],"1":[0,1],"2":[0,1]},"_coverageSchema":"1a1c01bbd47fc00a2c39e90264f33305004495a9","hash":"cf2106104e3d352ca3682ff2bada7c0b86c48ffe"}
,"C:\\Users\\dunca\\Desktop\\lfa\\lap2\\FCC---Trash-to-Treasure\\trashtotreasure\\models\\Token.js": {"path":"C:\\Users\\dunca\\Desktop\\lfa\\lap2\\FCC---Trash-to-Treasure\\trashtotreasure\\models\\Token.js","statementMap":{"0":{"start":{"line":1,"column":23},"end":{"line":1,"column":38}},"1":{"start":{"line":3,"column":11},"end":{"line":3,"column":30}},"2":{"start":{"line":7,"column":4},"end":{"line":7,"column":29}},"3":{"start":{"line":8,"column":4},"end":{"line":8,"column":29}},"4":{"start":{"line":9,"column":4},"end":{"line":9,"column":23}},"5":{"start":{"line":13,"column":18},"end":{"line":13,"column":26}},"6":{"start":{"line":14,"column":21},"end":{"line":17,"column":5}},"7":{"start":{"line":18,"column":18},"end":{"line":18,"column":43}},"8":{"start":{"line":19,"column":21},"end":{"line":19,"column":50}},"9":{"start":{"line":20,"column":4},"end":{"line":20,"column":20}},"10":{"start":{"line":24,"column":21},"end":{"line":27,"column":5}},"11":{"start":{"line":28,"column":4},"end":{"line":32,"column":5}},"12":{"start":{"line":29,"column":6},"end":{"line":29,"column":49}},"13":{"start":{"line":31,"column":6},"end":{"line":31,"column":41}},"14":{"start":{"line":36,"column":21},"end":{"line":38,"column":6}},"15":{"start":{"line":39,"column":4},"end":{"line":43,"column":5}},"16":{"start":{"line":40,"column":6},"end":{"line":40,"column":49}},"17":{"start":{"line":42,"column":6},"end":{"line":42,"column":41}},"18":{"start":{"line":47,"column":4},"end":{"line":47,"column":67}},"19":{"start":{"line":51,"column":21},"end":{"line":53,"column":6}},"20":{"start":{"line":54,"column":4},"end":{"line":56,"column":5}},"21":{"start":{"line":55,"column":6},"end":{"line":55,"column":47}},"22":{"start":{"line":57,"column":19},"end":{"line":57,"column":43}},"23":{"start":{"line":58,"column":4},"end":{"line":58,"column":18}},"24":{"start":{"line":62,"column":0},"end":{"line":62,"column":23}}},"fnMap":{"0":{"name":"(anonymous_0)","decl":{"start":{"line":6,"column":2},"end":{"line":6,"column":3}},"loc":{"start":{"line":6,"column":45},"end":{"line":10,"column":3}},"line":6},"1":{"name":"(anonymous_1)","decl":{"start":{"line":12,"column":2},"end":{"line":12,"column":3}},"loc":{"start":{"line":12,"column":31},"end":{"line":21,"column":3}},"line":12},"2":{"name":"(anonymous_2)","decl":{"start":{"line":23,"column":2},"end":{"line":23,"column":3}},"loc":{"start":{"line":23,"column":30},"end":{"line":33,"column":3}},"line":23},"3":{"name":"(anonymous_3)","decl":{"start":{"line":35,"column":2},"end":{"line":35,"column":3}},"loc":{"start":{"line":35,"column":36},"end":{"line":44,"column":3}},"line":35},"4":{"name":"(anonymous_4)","decl":{"start":{"line":46,"column":2},"end":{"line":46,"column":3}},"loc":{"start":{"line":46,"column":36},"end":{"line":48,"column":3}},"line":46},"5":{"name":"(anonymous_5)","decl":{"start":{"line":50,"column":3},"end":{"line":50,"column":4}},"loc":{"start":{"line":50,"column":40},"end":{"line":59,"column":3}},"line":50}},"branchMap":{"0":{"loc":{"start":{"line":28,"column":4},"end":{"line":32,"column":5}},"type":"if","locations":[{"start":{"line":28,"column":4},"end":{"line":32,"column":5}},{"start":{"line":30,"column":11},"end":{"line":32,"column":5}}],"line":28},"1":{"loc":{"start":{"line":39,"column":4},"end":{"line":43,"column":5}},"type":"if","locations":[{"start":{"line":39,"column":4},"end":{"line":43,"column":5}},{"start":{"line":41,"column":11},"end":{"line":43,"column":5}}],"line":39},"2":{"loc":{"start":{"line":54,"column":4},"end":{"line":56,"column":5}},"type":"if","locations":[{"start":{"line":54,"column":4},"end":{"line":56,"column":5}},{"start":{},"end":{}}],"line":54}},"s":{"0":1,"1":1,"2":0,"3":0,"4":0,"5":0,"6":0,"7":0,"8":0,"9":0,"10":0,"11":0,"12":0,"13":0,"14":0,"15":0,"16":0,"17":0,"18":0,"19":2,"20":2,"21":0,"22":2,"23":2,"24":1},"f":{"0":0,"1":0,"2":0,"3":0,"4":0,"5":2},"b":{"0":[0,0],"1":[0,0],"2":[0,2]},"_coverageSchema":"1a1c01bbd47fc00a2c39e90264f33305004495a9","hash":"ac4ef233803c334ac7372bf336d5809c86cf655f"}
,"C:\\Users\\dunca\\Desktop\\lfa\\lap2\\FCC---Trash-to-Treasure\\trashtotreasure\\models\\User.js": {"path":"C:\\Users\\dunca\\Desktop\\lfa\\lap2\\FCC---Trash-to-Treasure\\trashtotreasure\\models\\User.js","statementMap":{"0":{"start":{"line":1,"column":11},"end":{"line":1,"column":30}},"1":{"start":{"line":5,"column":4},"end":{"line":5,"column":27}},"2":{"start":{"line":6,"column":4},"end":{"line":6,"column":29}},"3":{"start":{"line":7,"column":4},"end":{"line":7,"column":29}},"4":{"start":{"line":8,"column":4},"end":{"line":8,"column":27}},"5":{"start":{"line":11,"column":23},"end":{"line":13,"column":3}},"6":{"start":{"line":12,"column":4},"end":{"line":12,"column":50}},"7":{"start":{"line":15,"column":19},"end":{"line":20,"column":3}},"8":{"start":{"line":16,"column":21},"end":{"line":18,"column":6}},"9":{"start":{"line":19,"column":4},"end":{"line":19,"column":38}},"10":{"start":{"line":23,"column":44},"end":{"line":23,"column":48}},"11":{"start":{"line":24,"column":19},"end":{"line":27,"column":5}},"12":{"start":{"line":28,"column":18},"end":{"line":28,"column":42}},"13":{"start":{"line":29,"column":20},"end":{"line":29,"column":48}},"14":{"start":{"line":30,"column":4},"end":{"line":30,"column":19}},"15":{"start":{"line":34,"column":21},"end":{"line":36,"column":6}},"16":{"start":{"line":37,"column":4},"end":{"line":39,"column":5}},"17":{"start":{"line":38,"column":6},"end":{"line":38,"column":48}},"18":{"start":{"line":40,"column":4},"end":{"line":40,"column":38}},"19":{"start":{"line":44,"column":21},"end":{"line":47,"column":5}},"20":{"start":{"line":48,"column":4},"end":{"line":50,"column":5}},"21":{"start":{"line":49,"column":6},"end":{"line":49,"column":49}},"22":{"start":{"line":51,"column":4},"end":{"line":51,"column":28}},"23":{"start":{"line":55,"column":21},"end":{"line":57,"column":6}},"24":{"start":{"line":58,"column":4},"end":{"line":60,"column":5}},"25":{"start":{"line":59,"column":6},"end":{"line":59,"column":48}},"26":{"start":{"line":61,"column":4},"end":{"line":61,"column":28}},"27":{"start":{"line":65,"column":0},"end":{"line":65,"column":22}}},"fnMap":{"0":{"name":"(anonymous_0)","decl":{"start":{"line":4,"column":2},"end":{"line":4,"column":3}},"loc":{"start":{"line":4,"column":56},"end":{"line":9,"column":3}},"line":4},"1":{"name":"(anonymous_1)","decl":{"start":{"line":11,"column":23},"end":{"line":11,"column":24}},"loc":{"start":{"line":11,"column":35},"end":{"line":13,"column":3}},"line":11},"2":{"name":"(anonymous_2)","decl":{"start":{"line":15,"column":19},"end":{"line":15,"column":20}},"loc":{"start":{"line":15,"column":33},"end":{"line":20,"column":3}},"line":15},"3":{"name":"(anonymous_3)","decl":{"start":{"line":22,"column":2},"end":{"line":22,"column":3}},"loc":{"start":{"line":22,"column":28},"end":{"line":31,"column":3}},"line":22},"4":{"name":"(anonymous_4)","decl":{"start":{"line":33,"column":2},"end":{"line":33,"column":3}},"loc":{"start":{"line":33,"column":30},"end":{"line":41,"column":3}},"line":33},"5":{"name":"(anonymous_5)","decl":{"start":{"line":43,"column":2},"end":{"line":43,"column":3}},"loc":{"start":{"line":43,"column":17},"end":{"line":52,"column":3}},"line":43},"6":{"name":"(anonymous_6)","decl":{"start":{"line":54,"column":2},"end":{"line":54,"column":3}},"loc":{"start":{"line":54,"column":42},"end":{"line":62,"column":3}},"line":54}},"branchMap":{"0":{"loc":{"start":{"line":37,"column":4},"end":{"line":39,"column":5}},"type":"if","locations":[{"start":{"line":37,"column":4},"end":{"line":39,"column":5}},{"start":{},"end":{}}],"line":37},"1":{"loc":{"start":{"line":48,"column":4},"end":{"line":50,"column":5}},"type":"if","locations":[{"start":{"line":48,"column":4},"end":{"line":50,"column":5}},{"start":{},"end":{}}],"line":48},"2":{"loc":{"start":{"line":58,"column":4},"end":{"line":60,"column":5}},"type":"if","locations":[{"start":{"line":58,"column":4},"end":{"line":60,"column":5}},{"start":{},"end":{}}],"line":58}},"s":{"0":1,"1":3,"2":3,"3":3,"4":3,"5":1,"6":2,"7":1,"8":2,"9":2,"10":1,"11":1,"12":1,"13":1,"14":1,"15":1,"16":1,"17":0,"18":1,"19":1,"20":1,"21":0,"22":1,"23":0,"24":0,"25":0,"26":0,"27":1},"f":{"0":3,"1":2,"2":2,"3":1,"4":1,"5":1,"6":0},"b":{"0":[0,1],"1":[0,1],"2":[0,0]},"_coverageSchema":"1a1c01bbd47fc00a2c39e90264f33305004495a9","hash":"5d6a24236a42f3f93ccedbbbf35a606ca7dac2e4"}
,"C:\\Users\\dunca\\Desktop\\lfa\\lap2\\FCC---Trash-to-Treasure\\trashtotreasure\\routes\\comment.js": {"path":"C:\\Users\\dunca\\Desktop\\lfa\\lap2\\FCC---Trash-to-Treasure\\trashtotreasure\\routes\\comment.js","statementMap":{"0":{"start":{"line":1,"column":16},"end":{"line":1,"column":34}},"1":{"start":{"line":2,"column":15},"end":{"line":2,"column":31}},"2":{"start":{"line":3,"column":16},"end":{"line":3,"column":49}},"3":{"start":{"line":4,"column":22},"end":{"line":4,"column":60}},"4":{"start":{"line":7,"column":0},"end":{"line":7,"column":38}},"5":{"start":{"line":9,"column":0},"end":{"line":9,"column":40}},"6":{"start":{"line":11,"column":0},"end":{"line":11,"column":35}},"7":{"start":{"line":13,"column":0},"end":{"line":13,"column":39}},"8":{"start":{"line":15,"column":0},"end":{"line":15,"column":24}}},"fnMap":{},"branchMap":{},"s":{"0":1,"1":1,"2":1,"3":1,"4":1,"5":1,"6":1,"7":1,"8":1},"f":{},"b":{},"_coverageSchema":"1a1c01bbd47fc00a2c39e90264f33305004495a9","hash":"493a93ceb84d70538ac9e4d4a02825048e4771c2"}
,"C:\\Users\\dunca\\Desktop\\lfa\\lap2\\FCC---Trash-to-Treasure\\trashtotreasure\\routes\\home.js": {"path":"C:\\Users\\dunca\\Desktop\\lfa\\lap2\\FCC---Trash-to-Treasure\\trashtotreasure\\routes\\home.js","statementMap":{"0":{"start":{"line":1,"column":16},"end":{"line":1,"column":34}},"1":{"start":{"line":2,"column":15},"end":{"line":2,"column":31}},"2":{"start":{"line":3,"column":13},"end":{"line":3,"column":43}},"3":{"start":{"line":4,"column":22},"end":{"line":4,"column":60}},"4":{"start":{"line":6,"column":0},"end":{"line":6,"column":39}},"5":{"start":{"line":9,"column":0},"end":{"line":9,"column":54}},"6":{"start":{"line":14,"column":0},"end":{"line":14,"column":24}}},"fnMap":{},"branchMap":{},"s":{"0":1,"1":1,"2":1,"3":1,"4":1,"5":1,"6":1},"f":{},"b":{},"_coverageSchema":"1a1c01bbd47fc00a2c39e90264f33305004495a9","hash":"05ba5f466a96bd41e01a5bd53c61d9507c959c0a"}
,"C:\\Users\\dunca\\Desktop\\lfa\\lap2\\FCC---Trash-to-Treasure\\trashtotreasure\\routes\\post.js": {"path":"C:\\Users\\dunca\\Desktop\\lfa\\lap2\\FCC---Trash-to-Treasure\\trashtotreasure\\routes\\post.js","statementMap":{"0":{"start":{"line":1,"column":16},"end":{"line":1,"column":34}},"1":{"start":{"line":2,"column":15},"end":{"line":2,"column":31}},"2":{"start":{"line":3,"column":13},"end":{"line":3,"column":43}},"3":{"start":{"line":4,"column":22},"end":{"line":4,"column":60}},"4":{"start":{"line":6,"column":0},"end":{"line":6,"column":28}},"5":{"start":{"line":7,"column":0},"end":{"line":7,"column":32}},"6":{"start":{"line":8,"column":0},"end":{"line":8,"column":30}},"7":{"start":{"line":9,"column":0},"end":{"line":9,"column":35}},"8":{"start":{"line":10,"column":0},"end":{"line":10,"column":32}},"9":{"start":{"line":11,"column":0},"end":{"line":11,"column":38}},"10":{"start":{"line":13,"column":0},"end":{"line":13,"column":24}}},"fnMap":{},"branchMap":{},"s":{"0":1,"1":1,"2":1,"3":1,"4":1,"5":1,"6":1,"7":1,"8":1,"9":1,"10":1},"f":{},"b":{},"_coverageSchema":"1a1c01bbd47fc00a2c39e90264f33305004495a9","hash":"7a0f40068bef4df637c8ab698097a4c7ab7e6f9b"}
,"C:\\Users\\dunca\\Desktop\\lfa\\lap2\\FCC---Trash-to-Treasure\\trashtotreasure\\routes\\users.js": {"path":"C:\\Users\\dunca\\Desktop\\lfa\\lap2\\FCC---Trash-to-Treasure\\trashtotreasure\\routes\\users.js","statementMap":{"0":{"start":{"line":1,"column":16},"end":{"line":1,"column":34}},"1":{"start":{"line":2,"column":15},"end":{"line":2,"column":31}},"2":{"start":{"line":3,"column":14},"end":{"line":3,"column":48}},"3":{"start":{"line":4,"column":22},"end":{"line":4,"column":63}},"4":{"start":{"line":6,"column":0},"end":{"line":6,"column":30}},"5":{"start":{"line":7,"column":0},"end":{"line":7,"column":33}},"6":{"start":{"line":8,"column":0},"end":{"line":8,"column":36}},"7":{"start":{"line":9,"column":0},"end":{"line":9,"column":46}},"8":{"start":{"line":11,"column":0},"end":{"line":11,"column":35}},"9":{"start":{"line":12,"column":0},"end":{"line":12,"column":52}},"10":{"start":{"line":13,"column":0},"end":{"line":13,"column":57}},"11":{"start":{"line":15,"column":0},"end":{"line":15,"column":24}}},"fnMap":{},"branchMap":{},"s":{"0":1,"1":1,"2":1,"3":1,"4":1,"5":1,"6":1,"7":1,"8":1,"9":1,"10":1,"11":1},"f":{},"b":{},"_coverageSchema":"1a1c01bbd47fc00a2c39e90264f33305004495a9","hash":"5a4d8b96824625e4f9e41a471759fc4605d4a5c7"}
}
